#-----------------------------------------------------------
# Vivado v2018.2 (64-bit)
# SW Build 2258646 on Thu Jun 14 20:03:12 MDT 2018
# IP Build 2256618 on Thu Jun 14 22:10:49 MDT 2018
# Start of session at: Mon Jan 10 21:25:22 2022
# Process ID: 2540
# Current directory: C:/Users/Ali/Documents/Online Lectures/Computer Architechture Lab/LAB 4/Vivado harcoded values
# Command line: vivado.exe -gui_launcher_event rodinguilauncherevent3596 C:\Users\Ali\Documents\Online Lectures\Computer Architechture Lab\LAB 4\Vivado harcoded values\project_1.xpr
# Log file: C:/Users/Ali/Documents/Online Lectures/Computer Architechture Lab/LAB 4/Vivado harcoded values/vivado.log
# Journal file: C:/Users/Ali/Documents/Online Lectures/Computer Architechture Lab/LAB 4/Vivado harcoded values\vivado.jou
#-----------------------------------------------------------
start_gui
open_project {C:/Users/Ali/Documents/Online Lectures/Computer Architechture Lab/LAB 4/Vivado harcoded values/project_1.xpr}
INFO: [ProjectBase 1-489] The host OS only allows 260 characters in a normal path. The project is stored in a path with more than 80 characters. If you experience issues with IP, Block Designs, or files not being found, please consider moving the project to a location with a shorter path. Alternately consider using the OS subst command to map part of the path to a drive letter.
Current project path is 'C:/Users/Ali/Documents/Online Lectures/Computer Architechture Lab/LAB 4/Vivado harcoded values'
Scanning sources...
Finished scanning sources
INFO: [IP_Flow 19-234] Refreshing IP repositories
INFO: [IP_Flow 19-1704] No user IP repositories specified
INFO: [IP_Flow 19-2313] Loaded Vivado IP repository 'C:/Vivado/Vivado/2018.2/data/ip'.
open_project: Time (s): cpu = 00:00:13 ; elapsed = 00:00:08 . Memory (MB): peak = 816.957 ; gain = 138.562
update_compile_order -fileset sources_1
exit
INFO: [Common 17-206] Exiting Vivado at Mon Jan 10 22:30:47 2022...
